<?xml version="1.0" encoding="UTF-8"?>
<!-- Generated by org.testng.reporters.JUnitReportReporter -->
<testsuite skipped="1" hostname="DESKTOP-3AVS7G2" name="package1.AssertStmt" tests="2" failures="0" timestamp="17 Nov 2018 19:08:23 GMT" time="0.015" errors="0">
  <testcase name="positiveDigit" time="0.015" classname="package1.AssertStmt"/>
  <testcase name="failConsciously" classname="package1.AssertStmt">
    <skipped/>
  </testcase> <!-- failConsciously -->
</testsuite> <!-- package1.AssertStmt -->
